<?xml version="1.0" encoding="UTF-8"?>
<!-- Generated by org.testng.reporters.JUnitReportReporter -->
<testsuite hostname="V841763-W101" failures="0" tests="4" name="api.test.UserTest" time="12.110" errors="0" timestamp="2023-09-21T01:36:03 IST" skipped="0">
  <testcase classname="api.test.UserTest" name="testPostUser" time="5.937"/>
  <system-out/>
  <testcase classname="api.test.UserTest" name="testGetUserByname" time="1.581"/>
  <system-out/>
  <testcase classname="api.test.UserTest" name="testUpdateUserByName" time="3.167"/>
  <system-out/>
  <testcase classname="api.test.UserTest" name="testDeleteUserByname" time="1.425"/>
  <system-out/>
</testsuite> <!-- api.test.UserTest -->
