<?xml version="1.0" encoding="UTF-8"?>
<!-- Generated by org.testng.reporters.JUnitReportReporter -->
<testsuite hostname="V841763-W101" failures="0" tests="4" name="api.test.UserTest" time="10.536" errors="0" timestamp="2023-09-26T18:48:52 IST" skipped="0">
  <testcase classname="api.test.UserTest" name="testPostUser" time="6.022"/>
  <system-out/>
  <testcase classname="api.test.UserTest" name="testGetUserByname" time="1.128"/>
  <system-out/>
  <testcase classname="api.test.UserTest" name="testUpdateUserByName" time="2.258"/>
  <system-out/>
  <testcase classname="api.test.UserTest" name="testDeleteUserByname" time="1.128"/>
  <system-out/>
</testsuite> <!-- api.test.UserTest -->
